<?xml version="1.0" encoding="UTF-8"?>
<testng-results ignored="0" total="1" passed="1" failed="0" skipped="0">
  <reporter-output>
  </reporter-output>
  <suite started-at="2022-07-11T12:42:32 CDT" name="Command line suite" finished-at="2022-07-11T12:42:32 CDT" duration-ms="66">
    <groups>
    </groups>
    <test started-at="2022-07-11T12:42:32 CDT" name="Command line test" finished-at="2022-07-11T12:42:32 CDT" duration-ms="66">
      <class name="com.testautomation.tests.BaseTest">
        <test-method is-config="true" signature="cleanProcess()[pri:0, instance:com.testautomation.tests.BaseTest@4b53f538]" started-at="2022-07-11T12:42:32 CDT" name="cleanProcess" finished-at="2022-07-11T12:42:32 CDT" duration-ms="13" status="PASS">
          <reporter-output>
          </reporter-output>
        </test-method> <!-- cleanProcess -->
      </class> <!-- com.testautomation.tests.BaseTest -->
      <class name="com.testautomation.asserj.AsserCustomClassTest">
        <test-method signature="customClassTest()[pri:0, instance:com.testautomation.asserj.AsserCustomClassTest@646007f4]" started-at="2022-07-11T12:42:32 CDT" name="customClassTest" finished-at="2022-07-11T12:42:32 CDT" duration-ms="37" status="PASS">
          <reporter-output>
          </reporter-output>
        </test-method> <!-- customClassTest -->
      </class> <!-- com.testautomation.asserj.AsserCustomClassTest -->
    </test> <!-- Command line test -->
  </suite> <!-- Command line suite -->
</testng-results>
