<?xml version="1.0" encoding="UTF-8"?>
<testng-results ignored="0" total="0" passed="0" failed="0" skipped="0">
  <reporter-output>
  </reporter-output>
  <suite started-at="2022-07-03T18:17:39 CDT" name="com.testautomation.tests.BaseTest" finished-at="2022-07-03T18:17:39 CDT" duration-ms="4">
    <groups>
    </groups>
    <test started-at="2022-07-03T18:17:39 CDT" name="Command line test" finished-at="2022-07-03T18:17:39 CDT" duration-ms="4">
    </test> <!-- Command line test -->
  </suite> <!-- com.testautomation.tests.BaseTest -->
</testng-results>
